CRITICAL - 2026-03-25 15:21:09 --> ErrorException: mkdir(): No such file or directory
[Method: GET, Route: login]
in SYSTEMPATH\Session\Handlers\FileHandler.php on line 97.
 1 [internal function]: CodeIgniter\Debug\Exceptions->errorHandler(2, 'mkdir(): No such file or directory', 'C:\\xampp\\htdocs\\RacazaStore\\system\\Session\\Handlers\\FileHandler.php', 97)
 2 SYSTEMPATH\Session\Handlers\FileHandler.php(97): mkdir('D:/Xammp/htdocs/RacazaStore/writable/session', 448, true)
 3 [internal function]: CodeIgniter\Session\Handlers\FileHandler->open('D:/Xammp/htdocs/RacazaStore/writable/session', 'ci_session')
 4 SYSTEMPATH\Session\Session.php(625): session_start()
 5 SYSTEMPATH\Session\Session.php(120): CodeIgniter\Session\Session->startSession()
 6 SYSTEMPATH\Config\Services.php(715): CodeIgniter\Session\Session->start()
 7 SYSTEMPATH\Config\BaseService.php(325): CodeIgniter\Config\Services::session(Object(Config\Session), false)
 8 SYSTEMPATH\Config\BaseService.php(264): CodeIgniter\Config\BaseService::__callStatic('session', [...])
 9 SYSTEMPATH\Config\Services.php(668): CodeIgniter\Config\BaseService::getSharedInstance('session', null)
10 SYSTEMPATH\Config\BaseService.php(334): CodeIgniter\Config\Services::session()
11 SYSTEMPATH\Config\BaseService.php(203): CodeIgniter\Config\BaseService::__callStatic('session', [])
12 SYSTEMPATH\Common.php(1078): CodeIgniter\Config\BaseService::get('session')
13 SYSTEMPATH\Common.php(1051): service('session')
14 APPPATH\Controllers\Auth.php(12): session()
15 SYSTEMPATH\CodeIgniter.php(951): App\Controllers\Auth->login()
16 SYSTEMPATH\CodeIgniter.php(497): CodeIgniter\CodeIgniter->runController(Object(App\Controllers\Auth))
17 SYSTEMPATH\CodeIgniter.php(340): CodeIgniter\CodeIgniter->handleRequest(null, Object(Config\Cache), false)
18 SYSTEMPATH\Boot.php(417): CodeIgniter\CodeIgniter->run()
19 SYSTEMPATH\Boot.php(68): CodeIgniter\Boot::runCodeIgniter(Object(CodeIgniter\CodeIgniter))
20 FCPATH\index.php(59): CodeIgniter\Boot::bootWeb(Object(Config\Paths))
CRITICAL - 2026-03-25 15:21:22 --> ErrorException: mkdir(): No such file or directory
[Method: GET, Route: login]
in SYSTEMPATH\Session\Handlers\FileHandler.php on line 97.
 1 [internal function]: CodeIgniter\Debug\Exceptions->errorHandler(2, 'mkdir(): No such file or directory', 'C:\\xampp\\htdocs\\RacazaStore\\system\\Session\\Handlers\\FileHandler.php', 97)
 2 SYSTEMPATH\Session\Handlers\FileHandler.php(97): mkdir('D:/Xammp/htdocs/RacazaStore/writable/session', 448, true)
 3 [internal function]: CodeIgniter\Session\Handlers\FileHandler->open('D:/Xammp/htdocs/RacazaStore/writable/session', 'ci_session')
 4 SYSTEMPATH\Session\Session.php(625): session_start()
 5 SYSTEMPATH\Session\Session.php(120): CodeIgniter\Session\Session->startSession()
 6 SYSTEMPATH\Config\Services.php(715): CodeIgniter\Session\Session->start()
 7 SYSTEMPATH\Config\BaseService.php(325): CodeIgniter\Config\Services::session(Object(Config\Session), false)
 8 SYSTEMPATH\Config\BaseService.php(264): CodeIgniter\Config\BaseService::__callStatic('session', [...])
 9 SYSTEMPATH\Config\Services.php(668): CodeIgniter\Config\BaseService::getSharedInstance('session', null)
10 SYSTEMPATH\Config\BaseService.php(334): CodeIgniter\Config\Services::session()
11 SYSTEMPATH\Config\BaseService.php(203): CodeIgniter\Config\BaseService::__callStatic('session', [])
12 SYSTEMPATH\Common.php(1078): CodeIgniter\Config\BaseService::get('session')
13 SYSTEMPATH\Common.php(1051): service('session')
14 APPPATH\Controllers\Auth.php(12): session()
15 SYSTEMPATH\CodeIgniter.php(951): App\Controllers\Auth->login()
16 SYSTEMPATH\CodeIgniter.php(497): CodeIgniter\CodeIgniter->runController(Object(App\Controllers\Auth))
17 SYSTEMPATH\CodeIgniter.php(340): CodeIgniter\CodeIgniter->handleRequest(null, Object(Config\Cache), false)
18 SYSTEMPATH\Boot.php(417): CodeIgniter\CodeIgniter->run()
19 SYSTEMPATH\Boot.php(68): CodeIgniter\Boot::runCodeIgniter(Object(CodeIgniter\CodeIgniter))
20 FCPATH\index.php(59): CodeIgniter\Boot::bootWeb(Object(Config\Paths))
